Using pre-set license
Built from '2021.3/staging' branch; Version is '2021.3.3f1 (af2e63e8f9bd) revision 11480675'; Using compiler version '192829333'; Build Type 'Release'
OS: 'Windows 10  (10.0.19044) 64bit Core' Language: 'fr' Physical Memory: 24426 MB
BatchMode: 1, IsHumanControllingUs: 0, StartBugReporterOnCrash: 0, Is64bit: 1, IsPro: 1

COMMAND LINE ARGUMENTS:
D:\unity\2021.3.3f1\Editor\Unity.exe
-adb2
-batchMode
-noUpm
-name
AssetImportWorker0
-projectPath
D:/Travail/DialogSystem/DialogCreator/DialogCreator
-logFile
Logs/AssetImportWorker0.log
-srvPort
50494
Successfully changed project path to: D:/Travail/DialogSystem/DialogCreator/DialogCreator
D:/Travail/DialogSystem/DialogCreator/DialogCreator
[UnityMemory] Configuration Parameters - Can be set up in boot.config
    "memorysetup-bucket-allocator-granularity=16"
    "memorysetup-bucket-allocator-bucket-count=8"
    "memorysetup-bucket-allocator-block-size=33554432"
    "memorysetup-bucket-allocator-block-count=8"
    "memorysetup-main-allocator-block-size=16777216"
    "memorysetup-thread-allocator-block-size=16777216"
    "memorysetup-gfx-main-allocator-block-size=16777216"
    "memorysetup-gfx-thread-allocator-block-size=16777216"
    "memorysetup-cache-allocator-block-size=4194304"
    "memorysetup-typetree-allocator-block-size=2097152"
    "memorysetup-profiler-bucket-allocator-granularity=16"
    "memorysetup-profiler-bucket-allocator-bucket-count=8"
    "memorysetup-profiler-bucket-allocator-block-size=33554432"
    "memorysetup-profiler-bucket-allocator-block-count=8"
    "memorysetup-profiler-allocator-block-size=16777216"
    "memorysetup-profiler-editor-allocator-block-size=1048576"
    "memorysetup-temp-allocator-size-main=16777216"
    "memorysetup-job-temp-allocator-block-size=2097152"
    "memorysetup-job-temp-allocator-block-size-background=1048576"
    "memorysetup-job-temp-allocator-reduction-small-platforms=262144"
    "memorysetup-temp-allocator-size-background-worker=32768"
    "memorysetup-temp-allocator-size-job-worker=262144"
    "memorysetup-temp-allocator-size-preload-manager=33554432"
    "memorysetup-temp-allocator-size-nav-mesh-worker=65536"
    "memorysetup-temp-allocator-size-audio-worker=65536"
    "memorysetup-temp-allocator-size-cloud-worker=32768"
    "memorysetup-temp-allocator-size-gi-baking-worker=262144"
    "memorysetup-temp-allocator-size-gfx=262144"
Refreshing native plugins compatible for Editor in 27.70 ms, found 2 plugins.
Preloading 0 native plugins for Editor in 0.00 ms.
Initialize engine version: 2021.3.3f1 (af2e63e8f9bd)
[Subsystems] Discovering subsystems at path D:/unity/2021.3.3f1/Editor/Data/Resources/UnitySubsystems
[Subsystems] Discovering subsystems at path D:/Travail/DialogSystem/DialogCreator/DialogCreator/Assets
GfxDevice: creating device client; threaded=0; jobified=0
Direct3D:
    Version:  Direct3D 11.0 [level 11.1]
    Renderer: NVIDIA GeForce GTX 1060 (ID=0x1c20)
    Vendor:   NVIDIA
    VRAM:     6052 MB
    Driver:   27.21.14.5763
Initialize mono
Mono path[0] = 'D:/unity/2021.3.3f1/Editor/Data/Managed'
Mono path[1] = 'D:/unity/2021.3.3f1/Editor/Data/MonoBleedingEdge/lib/mono/unityjit-win32'
Mono config path = 'D:/unity/2021.3.3f1/Editor/Data/MonoBleedingEdge/etc'
Using monoOptions --debugger-agent=transport=dt_socket,embedding=1,server=y,suspend=n,address=127.0.0.1:56580
Begin MonoManager ReloadAssembly
Registering precompiled unity dll's ...
Register platform support module: D:/unity/2021.3.3f1/Editor/Data/PlaybackEngines/AndroidPlayer/UnityEditor.Android.Extensions.dll
Register platform support module: D:/unity/2021.3.3f1/Editor/Data/PlaybackEngines/WindowsStandaloneSupport/UnityEditor.WindowsStandalone.Extensions.dll
Registered in 0.004010 seconds.
Native extension for WindowsStandalone target not found
Native extension for Android target not found
Refreshing native plugins compatible for Editor in 40.62 ms, found 2 plugins.
Preloading 0 native plugins for Editor in 0.00 ms.
Mono: successfully reloaded assembly
- Completed reload, in  0.756 seconds
Domain Reload Profiling:
	ReloadAssembly (759ms)
		BeginReloadAssembly (97ms)
			ExecutionOrderSort (0ms)
			DisableScriptedObjects (0ms)
			BackupInstance (0ms)
			ReleaseScriptingObjects (0ms)
			CreateAndSetChildDomain (1ms)
		EndReloadAssembly (528ms)
			LoadAssemblies (97ms)
			RebuildTransferFunctionScriptingTraits (0ms)
			SetupTypeCache (121ms)
			ReleaseScriptCaches (0ms)
			RebuildScriptCaches (32ms)
			SetupLoadedEditorAssemblies (315ms)
				LogAssemblyErrors (0ms)
				InitializePlatformSupportModulesInManaged (71ms)
				SetLoadedEditorAssemblies (0ms)
				RefreshPlugins (41ms)
				BeforeProcessingInitializeOnLoad (2ms)
				ProcessInitializeOnLoadAttributes (115ms)
				ProcessInitializeOnLoadMethodAttributes (86ms)
				AfterProcessingInitializeOnLoad (0ms)
				EditorAssembliesLoaded (0ms)
			ExecutionOrderSort2 (0ms)
			AwakeInstancesAfterBackupRestoration (0ms)
Platform modules already initialized, skipping
Registering precompiled user dll's ...
Registered in 0.006106 seconds.
Begin MonoManager ReloadAssembly
Native extension for WindowsStandalone target not found
Native extension for Android target not found
Refreshing native plugins compatible for Editor in 0.35 ms, found 2 plugins.
Preloading 0 native plugins for Editor in 0.00 ms.
Mono: successfully reloaded assembly
- Completed reload, in  1.054 seconds
Domain Reload Profiling:
	ReloadAssembly (1055ms)
		BeginReloadAssembly (237ms)
			ExecutionOrderSort (0ms)
			DisableScriptedObjects (7ms)
			BackupInstance (0ms)
			ReleaseScriptingObjects (0ms)
			CreateAndSetChildDomain (119ms)
		EndReloadAssembly (704ms)
			LoadAssemblies (102ms)
			RebuildTransferFunctionScriptingTraits (0ms)
			SetupTypeCache (193ms)
			ReleaseScriptCaches (0ms)
			RebuildScriptCaches (41ms)
			SetupLoadedEditorAssemblies (345ms)
				LogAssemblyErrors (0ms)
				InitializePlatformSupportModulesInManaged (16ms)
				SetLoadedEditorAssemblies (0ms)
				RefreshPlugins (0ms)
				BeforeProcessingInitializeOnLoad (60ms)
				ProcessInitializeOnLoadAttributes (236ms)
				ProcessInitializeOnLoadMethodAttributes (29ms)
				AfterProcessingInitializeOnLoad (4ms)
				EditorAssembliesLoaded (0ms)
			ExecutionOrderSort2 (0ms)
			AwakeInstancesAfterBackupRestoration (6ms)
Platform modules already initialized, skipping
========================================================================
Worker process is ready to serve import requests
Launched and connected shader compiler UnityShaderCompiler.exe after 0.06 seconds
Refreshing native plugins compatible for Editor in 0.34 ms, found 2 plugins.
Preloading 0 native plugins for Editor in 0.00 ms.
Unloading 1669 Unused Serialized files (Serialized files now loaded: 0)
Unloading 19 unused Assets / (47.3 KB). Loaded Objects now: 2135.
Memory consumption went from 71.7 MB to 71.7 MB.
Total: 5.496800 ms (FindLiveObjects: 0.172800 ms CreateObjectMapping: 0.089100 ms MarkObjects: 5.171900 ms  DeleteObjects: 0.061700 ms)

AssetImportParameters requested are different than current active one (requested -> active):
  custom:video-decoder-ogg-theora: a1e56fd34408186e4bbccfd4996cb3dc -> 
  custom:container-muxer-webm: aa71ff27fc2769a1b78a27578f13a17b -> 
  custom:container-demuxer-webm: 4f35f7cbe854078d1ac9338744f61a02 -> 
  custom:video-encoder-webm-vp8: eb34c28f22e8b96e1ab97ce403110664 -> 
  custom:video-codec-MediaFoundation-h265: 746d11721c4dcdbdad8f713fa42b33f4 -> 
  custom:audio-encoder-webm-vorbis: bf7c407c2cedff20999df2af8eb42d56 -> 
  custom:framework-win-MediaFoundation: 216162199b28c13a410421893ffa2e32 -> 
  custom:container-demuxer-ogg: 62fdf1f143b41e24485cea50d1cbac27 -> 
  custom:video-decoder-webm-vp8: 9c59270c3fd7afecdb556c50c9e8de78 -> 
  custom:audio-decoder-ogg-vorbis: bf7c407c2cedff20999df2af8eb42d56 -> 
========================================================================
Received Import Request.
  Time since last request: 346289.917592 seconds.
  path: Assets/Resources/dialogBackground.png
  artifactKey: Guid(5df4f3a379fee30458de108b47b8cc01) Importer(815301076,1909f56bfc062723c751e8b465ee728b)
Start importing Assets/Resources/dialogBackground.png using Guid(5df4f3a379fee30458de108b47b8cc01) Importer(815301076,1909f56bfc062723c751e8b465ee728b)  -> (artifact id: 'b729193c980daad5195bc82a5c285ec1') in 0.277894 seconds 
========================================================================
Received Import Request.
  Time since last request: 0.423112 seconds.
  path: Assets/Resources/Dialogs
  artifactKey: Guid(98677b92f2f64974e893805da4d7b554) Importer(815301076,1909f56bfc062723c751e8b465ee728b)
Start importing Assets/Resources/Dialogs using Guid(98677b92f2f64974e893805da4d7b554) Importer(815301076,1909f56bfc062723c751e8b465ee728b)  -> (artifact id: '035e898d30765fecbce94f1ae4567d2f') in 0.005587 seconds 
========================================================================
Received Import Request.
  Time since last request: 0.089375 seconds.
  path: Assets/Resources/Dialogs/FirstDialog 1.asset
  artifactKey: Guid(2e08903a5da3bf542954271fbb8c99a2) Importer(815301076,1909f56bfc062723c751e8b465ee728b)
Start importing Assets/Resources/Dialogs/FirstDialog 1.asset using Guid(2e08903a5da3bf542954271fbb8c99a2) Importer(815301076,1909f56bfc062723c751e8b465ee728b)  -> (artifact id: '69ee2c044dcc22af7af1ddf9a6ae41c7') in 0.008778 seconds 
========================================================================
Received Import Request.
  Time since last request: 0.067524 seconds.
  path: Assets/Resources/Dialogs/FirstDialog 2.asset
  artifactKey: Guid(277db18735a82874d98a63695cd1e40c) Importer(815301076,1909f56bfc062723c751e8b465ee728b)
Start importing Assets/Resources/Dialogs/FirstDialog 2.asset using Guid(277db18735a82874d98a63695cd1e40c) Importer(815301076,1909f56bfc062723c751e8b465ee728b)  -> (artifact id: '5f93feec8ac6f5d3ce49378338e71688') in 0.007696 seconds 
========================================================================
Received Import Request.
  Time since last request: 10.206762 seconds.
  path: Assets/Resources/Characters/character01.png
  artifactKey: Guid(d14744e4d232c7b4b9b62af26c888578) Importer(815301076,1909f56bfc062723c751e8b465ee728b)
Start importing Assets/Resources/Characters/character01.png using Guid(d14744e4d232c7b4b9b62af26c888578) Importer(815301076,1909f56bfc062723c751e8b465ee728b)  -> (artifact id: '34878dec731ca561011f198ca3e5693a') in 0.036136 seconds 
========================================================================
Received Import Request.
  Time since last request: 0.000035 seconds.
  path: Assets/Resources/Characters/character02.png
  artifactKey: Guid(2950b6d96bc9f6146b8a32ab8f3bb662) Importer(815301076,1909f56bfc062723c751e8b465ee728b)
Start importing Assets/Resources/Characters/character02.png using Guid(2950b6d96bc9f6146b8a32ab8f3bb662) Importer(815301076,1909f56bfc062723c751e8b465ee728b)  -> (artifact id: '6fe1608f3a9a24ef8b4027e4f2ae8d60') in 0.029851 seconds 
========================================================================
Received Import Request.
  Time since last request: 0.000067 seconds.
  path: Assets/Resources/Characters/character03_02.png
  artifactKey: Guid(9e44d22ac4a097b4ab1b85659a86e754) Importer(815301076,1909f56bfc062723c751e8b465ee728b)
Start importing Assets/Resources/Characters/character03_02.png using Guid(9e44d22ac4a097b4ab1b85659a86e754) Importer(815301076,1909f56bfc062723c751e8b465ee728b)  -> (artifact id: '43265f56ee6952b168e4c5de267bbfba') in 0.029023 seconds 
========================================================================
Received Import Request.
  Time since last request: 0.000020 seconds.
  path: Assets/Resources/Characters/character03.png
  artifactKey: Guid(7816fcd9b6de8724e84833a22f77eaee) Importer(815301076,1909f56bfc062723c751e8b465ee728b)
Start importing Assets/Resources/Characters/character03.png using Guid(7816fcd9b6de8724e84833a22f77eaee) Importer(815301076,1909f56bfc062723c751e8b465ee728b)  -> (artifact id: 'c4f861797a3f765cba5aadc8c3b003cf') in 0.024296 seconds 
========================================================================
Received Import Request.
  Time since last request: 0.000026 seconds.
  path: Assets/Resources/Characters/character02_02.png
  artifactKey: Guid(f48e561615afa3d45a2df3d4d79befae) Importer(815301076,1909f56bfc062723c751e8b465ee728b)
Start importing Assets/Resources/Characters/character02_02.png using Guid(f48e561615afa3d45a2df3d4d79befae) Importer(815301076,1909f56bfc062723c751e8b465ee728b)  -> (artifact id: '5f15f888221a0d85b588ebe7bd710c5a') in 0.031730 seconds 
Editor requested this worker to shutdown with reason: Scaling down because of idle timeout
AssetImportWorker is now disconnected from the server
Process exiting
Exiting without the bug reporter. Application will terminate with return code 0